<?xml version="1.0" encoding="UTF-8"?>
<testsuite name="com.indev.blackfriday.BlackFridayTest" tests="5" skipped="0" failures="0" errors="0" timestamp="2024-09-04T09:59:55" hostname="SIYU" time="0.024">
  <properties/>
  <testcase name="oneProductInStock" classname="com.indev.blackfriday.BlackFridayTest" time="0.016"/>
  <testcase name="twoProductsInStock" classname="com.indev.blackfriday.BlackFridayTest" time="0.0"/>
  <testcase name="sellsProduct" classname="com.indev.blackfriday.BlackFridayTest" time="0.003"/>
  <testcase name="sellsWithProxy" classname="com.indev.blackfriday.BlackFridayTest" time="0.002"/>
  <testcase name="sellsProducts" classname="com.indev.blackfriday.BlackFridayTest" time="0.0"/>
  <system-out><![CDATA[]]></system-out>
  <system-err><![CDATA[]]></system-err>
</testsuite>
