<?xml version="1.0" encoding="UTF-8"?>
<testsuite name="com.indev.blackfriday.BlackFridayTest" tests="5" skipped="0" failures="0" errors="0" timestamp="2024-09-01T05:38:52" hostname="LAPTOP-9P03MG5O" time="0.015">
  <properties/>
  <testcase name="oneProductInStock" classname="com.indev.blackfriday.BlackFridayTest" time="0.011"/>
  <testcase name="twoProductsInStock" classname="com.indev.blackfriday.BlackFridayTest" time="0.0"/>
  <testcase name="sellsProduct" classname="com.indev.blackfriday.BlackFridayTest" time="0.001"/>
  <testcase name="sellsWithProxy" classname="com.indev.blackfriday.BlackFridayTest" time="0.001"/>
  <testcase name="sellsProducts" classname="com.indev.blackfriday.BlackFridayTest" time="0.0"/>
  <system-out><![CDATA[]]></system-out>
  <system-err><![CDATA[]]></system-err>
</testsuite>
